<?xml version="1.0" encoding="utf-8"?><testsuites name="pytest tests"><testsuite name="pytest" errors="0" failures="0" skipped="0" tests="18" time="6.461" timestamp="2026-07-30T15:41:40.470395+00:00" hostname="agent-env-371da488-964d-4821-bbd2-8afdb9251f4d"><testcase classname="tests.test_admin_console.TestAdminAuth" name="test_overview_requires_admin" time="0.146" /><testcase classname="tests.test_admin_console.TestAdminAuth" name="test_overview_forbidden_for_regular_user" time="3.470" /><testcase classname="tests.test_admin_console.TestAdminOverview" name="test_overview_shape" time="0.122" /><testcase classname="tests.test_admin_console.TestAdminTransactions" name="test_list_enriched" time="0.132" /><testcase classname="tests.test_admin_console.TestAdminTransactions" name="test_filter_by_type" time="0.097" /><testcase classname="tests.test_admin_console.TestAdminTransactions" name="test_filter_by_status" time="0.120" /><testcase classname="tests.test_admin_console.TestAdminListings" name="test_tournaments_sorted" time="0.105" /><testcase classname="tests.test_admin_console.TestAdminListings" name="test_challenges_includes_invited" time="0.114" /><testcase classname="tests.test_admin_console.TestAdminTickets" name="test_list_and_filter" time="0.309" /><testcase classname="tests.test_admin_console.TestAdminTickets" name="test_get_detail" time="0.149" /><testcase classname="tests.test_admin_console.TestAdminTickets" name="test_reply_and_notify" time="0.184" /><testcase classname="tests.test_admin_console.TestAdminTickets" name="test_close" time="0.119" /><testcase classname="tests.test_admin_console.TestAdminReports" name="test_list_enriched" time="0.156" /><testcase classname="tests.test_admin_console.TestAdminReports" name="test_resolve_suspend_suspends_target" time="0.139" /><testcase classname="tests.test_admin_console.TestAdminAds" name="test_list" time="0.102" /><testcase classname="tests.test_admin_console.TestAdminAds" name="test_toggle_flips_active" time="0.120" /><testcase classname="tests.test_admin_console.TestAdminAds" name="test_delete" time="0.114" /><testcase classname="tests.test_admin_console.TestSessionLastSeen" name="test_last_seen_updated" time="0.626" /></testsuite></testsuites>