<?xml version="1.0" encoding="utf-8"?><testsuites name="pytest tests"><testsuite name="pytest" errors="0" failures="0" skipped="0" tests="24" time="9.482" timestamp="2026-07-30T16:00:12.199601+00:00" hostname="agent-env-371da488-964d-4821-bbd2-8afdb9251f4d"><testcase classname="tests.test_admin_block_and_disputes.TestAdminBlockedOnPlayerEndpoints" name="test_wallet_deposit_blocked" time="0.600" /><testcase classname="tests.test_admin_block_and_disputes.TestAdminBlockedOnPlayerEndpoints" name="test_wallet_deposit_status_blocked" time="0.119" /><testcase classname="tests.test_admin_block_and_disputes.TestAdminBlockedOnPlayerEndpoints" name="test_wallet_withdraw_blocked" time="0.236" /><testcase classname="tests.test_admin_block_and_disputes.TestAdminBlockedOnPlayerEndpoints" name="test_challenges_create_blocked" time="0.159" /><testcase classname="tests.test_admin_block_and_disputes.TestAdminBlockedOnPlayerEndpoints" name="test_challenges_accept_blocked" time="0.107" /><testcase classname="tests.test_admin_block_and_disputes.TestAdminBlockedOnPlayerEndpoints" name="test_challenges_decline_blocked" time="0.121" /><testcase classname="tests.test_admin_block_and_disputes.TestAdminBlockedOnPlayerEndpoints" name="test_challenges_cancel_blocked" time="0.151" /><testcase classname="tests.test_admin_block_and_disputes.TestAdminBlockedOnPlayerEndpoints" name="test_challenges_report_blocked" time="0.129" /><testcase classname="tests.test_admin_block_and_disputes.TestAdminBlockedOnPlayerEndpoints" name="test_tournaments_create_blocked" time="0.121" /><testcase classname="tests.test_admin_block_and_disputes.TestAdminBlockedOnPlayerEndpoints" name="test_tournaments_register_blocked" time="0.130" /><testcase classname="tests.test_admin_block_and_disputes.TestAdminBlockedOnPlayerEndpoints" name="test_tournaments_start_blocked" time="0.129" /><testcase classname="tests.test_admin_block_and_disputes.TestAdminBlockedOnPlayerEndpoints" name="test_tournaments_report_blocked" time="0.111" /><testcase classname="tests.test_admin_block_and_disputes.TestAdminReadOnlyStillWorks" name="test_auth_me" time="0.186" /><testcase classname="tests.test_admin_block_and_disputes.TestAdminReadOnlyStillWorks" name="test_wallet_balance_view" time="0.115" /><testcase classname="tests.test_admin_block_and_disputes.TestAdminReadOnlyStillWorks" name="test_notifications_view" time="0.133" /><testcase classname="tests.test_admin_block_and_disputes.TestAdminReadOnlyStillWorks" name="test_tournaments_list" time="0.116" /><testcase classname="tests.test_admin_block_and_disputes.TestAdminReadOnlyStillWorks" name="test_challenges_list" time="0.133" /><testcase classname="tests.test_admin_block_and_disputes.TestAdminReadOnlyStillWorks" name="test_admin_overview_allowed" time="0.124" /><testcase classname="tests.test_admin_block_and_disputes.TestPlayerEndpointsStillWork" name="test_player_can_create_challenge" time="1.206" /><testcase classname="tests.test_admin_block_and_disputes.TestReportSettled" name="test_first_report_returns_waiting" time="2.443" /><testcase classname="tests.test_admin_block_and_disputes.TestReportSettled" name="test_agreeing_second_report_settles" time="0.138" /><testcase classname="tests.test_admin_block_and_disputes.TestReportDisputed" name="test_disagreement_creates_dispute" time="2.527" /><testcase classname="tests.test_admin_block_and_disputes.TestReportDisputed" name="test_funds_locked_after_dispute" time="0.001" /><testcase classname="tests.test_admin_block_and_disputes.TestReportDisputed" name="test_admin_resolve_dispute_finalizes_and_closes_row" time="0.132" /></testsuite></testsuites>