<?xml version="1.0" encoding="utf-8"?><testsuites name="pytest tests"><testsuite name="pytest" errors="0" failures="0" skipped="0" tests="12" time="15.422" timestamp="2026-07-30T15:21:06.527066+00:00" hostname="agent-env-371da488-964d-4821-bbd2-8afdb9251f4d"><testcase classname="tests.test_invite_flow.TestInviteFlow" name="test_invite_nonexistent_user_404" time="1.763" /><testcase classname="tests.test_invite_flow.TestNoSeedData" name="test_admin_user_seeded" time="0.541" /><testcase classname="tests.test_invite_flow.TestNoSeedData" name="test_demo_user_removed" time="0.266" /><testcase classname="tests.test_invite_flow.TestNoSeedData" name="test_tournaments_empty_or_no_seed_named" time="0.168" /><testcase classname="tests.test_invite_flow.TestUserSearch" name="test_empty_query_returns_empty" time="1.559" /><testcase classname="tests.test_invite_flow.TestInviteFlow" name="test_invite_self_400" time="1.456" /><testcase classname="tests.test_invite_flow.TestUserSearch" name="test_prefix_search_returns_matches_excludes_self_and_admin" time="2.664" /><testcase classname="tests.test_invite_flow.TestInviteFlow" name="test_invite_success_deducts_creator_stake_and_notifies_opponent" time="2.840" /><testcase classname="tests.test_invite_flow.TestAdminSeed" name="test_admin_login_and_me" time="0.867" /><testcase classname="tests.test_invite_flow.TestInviteFlow" name="test_invite_privacy_and_invites_filter_and_decline" time="3.771" /><testcase classname="tests.test_invite_flow.TestInviteFlow" name="test_invite_accept_by_invited_opponent" time="2.252" /><testcase classname="tests.test_invite_flow.TestInviteFlow" name="test_invite_creator_cancels_refunds_and_notifies" time="2.689" /></testsuite></testsuites>