<?xml version="1.0" encoding="utf-8"?><testsuites name="pytest tests"><testsuite name="pytest" errors="0" failures="0" skipped="0" tests="11" time="18.871" timestamp="2026-07-30T17:25:13.828490+00:00" hostname="agent-env-371da488-964d-4821-bbd2-8afdb9251f4d"><testcase classname="tests.test_notification_prefs.TestNotificationPrefsEndpoints" name="test_get_defaults_all_true" time="1.428" /><testcase classname="tests.test_notification_prefs.TestNotificationPrefsEndpoints" name="test_patch_single_key_persists" time="1.430" /><testcase classname="tests.test_notification_prefs.TestNotificationPrefsEndpoints" name="test_patch_multi_key" time="1.365" /><testcase classname="tests.test_notification_prefs.TestNotificationPrefsEndpoints" name="test_patch_flip_back_true" time="1.172" /><testcase classname="tests.test_notification_prefs.TestNotificationPrefsEndpoints" name="test_patch_empty_body_returns_prefs" time="1.075" /><testcase classname="tests.test_notification_prefs.TestNotificationPrefsEndpoints" name="test_get_prefs_unauthenticated_401" time="0.109" /><testcase classname="tests.test_notification_prefs.TestEventNotificationsInsertedInApp" name="test_invite_accept_dispute_end_to_end" time="2.985" /><testcase classname="tests.test_notification_prefs.TestOptOutStillInsertsInApp" name="test_invite_email_opt_out_keeps_in_app" time="2.350" /><testcase classname="tests.test_notification_prefs.TestDeclineAndCancelNotifications" name="test_decline_creates_challenge_declined_notification" time="2.226" /><testcase classname="tests.test_notification_prefs.TestDeclineAndCancelNotifications" name="test_cancel_creates_challenge_invite_cancelled_notification" time="2.238" /><testcase classname="tests.test_notification_prefs.TestPrizePayoutOnAgreement" name="test_agreement_auto_settle_prize_payout_notification" time="2.362" /></testsuite></testsuites>