<?xml version="1.0" encoding="utf-8"?><testsuites name="pytest tests"><testsuite name="pytest" errors="0" failures="0" skipped="0" tests="46" time="80.176" timestamp="2026-07-30T04:40:29.406810+00:00" hostname="agent-env-371da488-964d-4821-bbd2-8afdb9251f4d"><testcase classname="tests.backend_test.TestAuth" name="test_register_verify_flow" time="0.723" /><testcase classname="tests.backend_test.TestAdmin" name="test_admin_users" time="0.758" /><testcase classname="tests.backend_test.TestAuth" name="test_login_demo_returns_2fa_and_code" time="0.326" /><testcase classname="tests.backend_test.TestAdmin" name="test_admin_analytics" time="0.317" /><testcase classname="tests.backend_test.TestAdmin" name="test_admin_revenue" time="0.318" /><testcase classname="tests.backend_test.TestAdmin" name="test_admin_disputes" time="0.101" /><testcase classname="tests.backend_test.TestAuth" name="test_verify_2fa_returns_token" time="0.428" /><testcase classname="tests.backend_test.TestAuth" name="test_me_endpoint" time="0.094" /><testcase classname="tests.backend_test.TestAuth" name="test_me_unauthenticated" time="0.242" /><testcase classname="tests.backend_test.TestAuth" name="test_forgot_and_reset_password" time="1.380" /><testcase classname="tests.backend_test.TestAdmin" name="test_admin_forbidden_for_regular" time="0.806" /><testcase classname="tests.backend_test.TestWallet" name="test_wallet_balance_demo" time="0.262" /><testcase classname="tests.backend_test.TestWallet" name="test_wallet_transactions" time="0.117" /><testcase classname="tests.backend_test.TestAdmin" name="test_admin_suspend_and_unsuspend" time="1.925" /><testcase classname="tests.backend_test.TestWallet" name="test_deposit_creates_stripe_session" time="0.692" /><testcase classname="tests.backend_test.TestWallet" name="test_deposit_status_polling" time="1.071" /><testcase classname="tests.backend_test.TestWallet" name="test_withdraw_standard_free" time="0.349" /><testcase classname="tests.test_tiered_fees.TestWithdrawalTiered" name="test_withdraw_standard_free" time="1.536" /><testcase classname="tests.test_tiered_fees.TestMetaFees" name="test_meta_fees_shape" time="0.100" /><testcase classname="tests.test_tiered_fees.TestMetaFees" name="test_fee_preview_pool_20" time="0.295" /><testcase classname="tests.test_tiered_fees.TestMetaFees" name="test_fee_preview_pool_200" time="0.099" /><testcase classname="tests.test_tiered_fees.TestMetaFees" name="test_fee_preview_pool_750" time="0.314" /><testcase classname="tests.test_tiered_fees.TestMetaFees" name="test_fee_preview_boundaries" time="31.101" /><testcase classname="tests.test_tiered_fees.TestWithdrawalTiered" name="test_withdraw_same_day_25" time="0.977" /><testcase classname="tests.backend_test.TestHealthMeta" name="test_root" time="0.093" /><testcase classname="tests.backend_test.TestHealthMeta" name="test_meta_games" time="0.091" /><testcase classname="tests.test_tiered_fees.TestWithdrawalTiered" name="test_withdraw_same_day_500" time="31.097" /><testcase classname="tests.backend_test.TestHealthMeta" name="test_ads" time="0.108" /><testcase classname="tests.test_tiered_fees.TestWithdrawalTiered" name="test_withdraw_same_day_2000_pct" time="1.404" /><testcase classname="tests.backend_test.TestHealthMeta" name="test_rules_and_faq" time="0.358" /><testcase classname="tests.backend_test.TestChallenges" name="test_create_challenge_requires_balance" time="1.328" /><testcase classname="tests.test_tiered_fees.TestWithdrawalTiered" name="test_standard_generates_no_revenue_row" time="1.722" /><testcase classname="tests.backend_test.TestChallenges" name="test_full_h2h_flow" time="1.708" /><testcase classname="tests.test_tiered_fees.TestWithdrawalTiered" name="test_same_day_generates_revenue" time="1.197" /><testcase classname="tests.backend_test.TestChallenges" name="test_create_and_cancel_challenge" time="0.522" /><testcase classname="tests.backend_test.TestTournaments" name="test_list_tournaments" time="0.103" /><testcase classname="tests.backend_test.TestTournaments" name="test_create_register_start" time="0.395" /><testcase classname="tests.backend_test.TestOther" name="test_leaderboard_global" time="0.095" /><testcase classname="tests.backend_test.TestOther" name="test_notifications" time="0.397" /><testcase classname="tests.backend_test.TestTournamentE2E" name="test_full_bracket_flow" time="34.638" /><testcase classname="tests.backend_test.TestOther" name="test_support_ticket_flow" time="0.422" /><testcase classname="tests.test_tiered_fees.TestH2HTieredFee" name="test_h2h_stake_20_pool_40_tier_math" time="14.925" /><testcase classname="tests.test_tiered_fees.TestH2HTieredFee" name="test_h2h_stake_100_charges_6pct" time="2.193" /><testcase classname="tests.test_tiered_fees.TestTournamentTieredFee" name="test_4_players_25_entry_pool_100" time="5.082" /><testcase classname="tests.backend_test.TestTournamentE2E" name="test_tournament_report_dispute_and_admin_resolve" time="1.987" /><testcase classname="tests.backend_test.TestChallengeReportScores" name="test_report_stores_score_and_evidence" time="0.738" /></testsuite></testsuites>