<?xml version="1.0" encoding="utf-8"?><testsuites name="pytest tests"><testsuite name="pytest" errors="0" failures="0" skipped="0" tests="32" time="38.472" timestamp="2026-07-30T04:18:16.845355+00:00" hostname="agent-env-371da488-964d-4821-bbd2-8afdb9251f4d"><testcase classname="tests.backend_test.TestAuth" name="test_register_verify_flow" time="0.686" /><testcase classname="tests.backend_test.TestAdmin" name="test_admin_users" time="0.784" /><testcase classname="tests.backend_test.TestAuth" name="test_login_demo_returns_2fa_and_code" time="0.360" /><testcase classname="tests.backend_test.TestAdmin" name="test_admin_analytics" time="0.287" /><testcase classname="tests.backend_test.TestAdmin" name="test_admin_revenue" time="0.337" /><testcase classname="tests.backend_test.TestAdmin" name="test_admin_disputes" time="0.115" /><testcase classname="tests.backend_test.TestAuth" name="test_verify_2fa_returns_token" time="0.461" /><testcase classname="tests.backend_test.TestAuth" name="test_me_endpoint" time="0.089" /><testcase classname="tests.backend_test.TestAuth" name="test_me_unauthenticated" time="0.247" /><testcase classname="tests.backend_test.TestAuth" name="test_forgot_and_reset_password" time="3.216" /><testcase classname="tests.backend_test.TestAdmin" name="test_admin_forbidden_for_regular" time="8.778" /><testcase classname="tests.backend_test.TestHealthMeta" name="test_root" time="0.131" /><testcase classname="tests.backend_test.TestHealthMeta" name="test_meta_games" time="2.198" /><testcase classname="tests.backend_test.TestHealthMeta" name="test_ads" time="0.094" /><testcase classname="tests.backend_test.TestHealthMeta" name="test_rules_and_faq" time="5.325" /><testcase classname="tests.backend_test.TestChallenges" name="test_create_challenge_requires_balance" time="1.991" /><testcase classname="tests.backend_test.TestChallenges" name="test_full_h2h_flow" time="2.181" /><testcase classname="tests.backend_test.TestChallenges" name="test_create_and_cancel_challenge" time="0.320" /><testcase classname="tests.backend_test.TestOther" name="test_leaderboard_global" time="0.124" /><testcase classname="tests.backend_test.TestOther" name="test_notifications" time="0.222" /><testcase classname="tests.backend_test.TestOther" name="test_support_ticket_flow" time="0.191" /><testcase classname="tests.backend_test.TestTournaments" name="test_list_tournaments" time="0.101" /><testcase classname="tests.backend_test.TestTournaments" name="test_create_register_start" time="11.631" /><testcase classname="tests.backend_test.TestTournamentE2E" name="test_full_bracket_flow" time="5.741" /><testcase classname="tests.backend_test.TestAdmin" name="test_admin_suspend_and_unsuspend" time="22.163" /><testcase classname="tests.backend_test.TestWallet" name="test_wallet_balance_demo" time="0.098" /><testcase classname="tests.backend_test.TestWallet" name="test_wallet_transactions" time="0.100" /><testcase classname="tests.backend_test.TestWallet" name="test_deposit_creates_stripe_session" time="0.645" /><testcase classname="tests.backend_test.TestWallet" name="test_deposit_status_polling" time="0.795" /><testcase classname="tests.backend_test.TestWallet" name="test_withdraw_deducts_and_applies_fee" time="0.468" /><testcase classname="tests.backend_test.TestTournamentE2E" name="test_tournament_report_dispute_and_admin_resolve" time="2.078" /><testcase classname="tests.backend_test.TestChallengeReportScores" name="test_report_stores_score_and_evidence" time="0.739" /></testsuite></testsuites>