<?xml version="1.0" encoding="utf-8"?><testsuites name="pytest tests"><testsuite name="pytest" errors="0" failures="0" skipped="0" tests="14" time="74.392" timestamp="2026-07-30T04:37:51.312117+00:00" hostname="agent-env-371da488-964d-4821-bbd2-8afdb9251f4d"><testcase classname="tests.test_tiered_fees.TestMetaFees" name="test_meta_fees_shape" time="0.181" /><testcase classname="tests.test_tiered_fees.TestMetaFees" name="test_fee_preview_pool_20" time="0.228" /><testcase classname="tests.test_tiered_fees.TestMetaFees" name="test_fee_preview_pool_200" time="0.101" /><testcase classname="tests.test_tiered_fees.TestMetaFees" name="test_fee_preview_pool_750" time="0.095" /><testcase classname="tests.test_tiered_fees.TestMetaFees" name="test_fee_preview_boundaries" time="0.813" /><testcase classname="tests.test_tiered_fees.TestWithdrawalTiered" name="test_withdraw_standard_free" time="1.106" /><testcase classname="tests.test_tiered_fees.TestH2HTieredFee" name="test_h2h_stake_20_pool_40_tier_math" time="32.708" /><testcase classname="tests.test_tiered_fees.TestWithdrawalTiered" name="test_withdraw_same_day_25" time="1.334" /><testcase classname="tests.test_tiered_fees.TestH2HTieredFee" name="test_h2h_stake_100_charges_6pct" time="3.315" /><testcase classname="tests.test_tiered_fees.TestWithdrawalTiered" name="test_withdraw_same_day_500" time="33.326" /><testcase classname="tests.test_tiered_fees.TestWithdrawalTiered" name="test_withdraw_same_day_2000_pct" time="1.187" /><testcase classname="tests.test_tiered_fees.TestWithdrawalTiered" name="test_standard_generates_no_revenue_row" time="2.270" /><testcase classname="tests.test_tiered_fees.TestTournamentTieredFee" name="test_4_players_25_entry_pool_100" time="36.484" /><testcase classname="tests.test_tiered_fees.TestWithdrawalTiered" name="test_same_day_generates_revenue" time="1.732" /></testsuite></testsuites>